2018-11-12T14:21:57.749+0800 I CONTROL  [initandlisten] MongoDB starting : pid=228908 port=27017 dbpath=./db 64-bit host=JasonFF
2018-11-12T14:21:57.749+0800 I CONTROL  [initandlisten] targetMinOS: Windows 7/Windows Server 2008 R2
2018-11-12T14:21:57.749+0800 I CONTROL  [initandlisten] db version v4.0.4
2018-11-12T14:21:57.749+0800 I CONTROL  [initandlisten] git version: f288a3bdf201007f3693c58e140056adf8b04839
2018-11-12T14:21:57.749+0800 I CONTROL  [initandlisten] allocator: tcmalloc
2018-11-12T14:21:57.750+0800 I CONTROL  [initandlisten] modules: none
2018-11-12T14:21:57.750+0800 I CONTROL  [initandlisten] build environment:
2018-11-12T14:21:57.750+0800 I CONTROL  [initandlisten]     distmod: 2008plus-ssl
2018-11-12T14:21:57.750+0800 I CONTROL  [initandlisten]     distarch: x86_64
2018-11-12T14:21:57.750+0800 I CONTROL  [initandlisten]     target_arch: x86_64
2018-11-12T14:21:57.750+0800 I CONTROL  [initandlisten] options: { config: ".\mongod.conf", storage: { dbPath: "./db/" }, systemLog: { destination: "file", path: "./dblog.log" } }
2018-11-12T14:21:57.752+0800 I STORAGE  [initandlisten] Detected data files in ./db created by the 'wiredTiger' storage engine, so setting the active storage engine to 'wiredTiger'.
2018-11-12T14:21:57.752+0800 I STORAGE  [initandlisten] exception in initAndListen: InvalidOptions: Requested option conflicts with current storage engine option for directoryPerDB; you requested false but the current server storage is already set to true and cannot be changed, terminating
2018-11-12T14:21:57.752+0800 I NETWORK  [initandlisten] shutdown: going to close listening sockets...
2018-11-12T14:21:57.752+0800 I CONTROL  [initandlisten] now exiting
2018-11-12T14:21:57.752+0800 I CONTROL  [initandlisten] shutting down with code:100
2018-11-12T14:23:44.857+0800 I CONTROL  [main] ***** SERVER RESTARTED *****
2018-11-12T14:23:45.239+0800 I CONTROL  [initandlisten] MongoDB starting : pid=228436 port=27017 dbpath=./db 64-bit host=JasonFF
2018-11-12T14:23:45.239+0800 I CONTROL  [initandlisten] targetMinOS: Windows 7/Windows Server 2008 R2
2018-11-12T14:23:45.239+0800 I CONTROL  [initandlisten] db version v4.0.4
2018-11-12T14:23:45.239+0800 I CONTROL  [initandlisten] git version: f288a3bdf201007f3693c58e140056adf8b04839
2018-11-12T14:23:45.239+0800 I CONTROL  [initandlisten] allocator: tcmalloc
2018-11-12T14:23:45.239+0800 I CONTROL  [initandlisten] modules: none
2018-11-12T14:23:45.239+0800 I CONTROL  [initandlisten] build environment:
2018-11-12T14:23:45.239+0800 I CONTROL  [initandlisten]     distmod: 2008plus-ssl
2018-11-12T14:23:45.239+0800 I CONTROL  [initandlisten]     distarch: x86_64
2018-11-12T14:23:45.239+0800 I CONTROL  [initandlisten]     target_arch: x86_64
2018-11-12T14:23:45.239+0800 I CONTROL  [initandlisten] options: { config: ".\mongod.conf", net: { bindIp: "127.0.0.1" }, storage: { dbPath: "./db/" }, systemLog: { destination: "file", logAppend: true, path: "./dblog.log" } }
2018-11-12T14:23:45.240+0800 I STORAGE  [initandlisten] Detected data files in ./db created by the 'wiredTiger' storage engine, so setting the active storage engine to 'wiredTiger'.
2018-11-12T14:23:45.240+0800 I STORAGE  [initandlisten] exception in initAndListen: InvalidOptions: Requested option conflicts with current storage engine option for directoryPerDB; you requested false but the current server storage is already set to true and cannot be changed, terminating
2018-11-12T14:23:45.240+0800 I NETWORK  [initandlisten] shutdown: going to close listening sockets...
2018-11-12T14:23:45.240+0800 I CONTROL  [initandlisten] now exiting
2018-11-12T14:23:45.241+0800 I CONTROL  [initandlisten] shutting down with code:100
2018-11-12T14:27:04.146+0800 I CONTROL  [main] ***** SERVER RESTARTED *****
2018-11-12T14:27:04.525+0800 I CONTROL  [initandlisten] MongoDB starting : pid=226908 port=27017 dbpath=./db 64-bit host=JasonFF
2018-11-12T14:27:04.525+0800 I CONTROL  [initandlisten] targetMinOS: Windows 7/Windows Server 2008 R2
2018-11-12T14:27:04.525+0800 I CONTROL  [initandlisten] db version v4.0.4
2018-11-12T14:27:04.525+0800 I CONTROL  [initandlisten] git version: f288a3bdf201007f3693c58e140056adf8b04839
2018-11-12T14:27:04.525+0800 I CONTROL  [initandlisten] allocator: tcmalloc
2018-11-12T14:27:04.525+0800 I CONTROL  [initandlisten] modules: none
2018-11-12T14:27:04.525+0800 I CONTROL  [initandlisten] build environment:
2018-11-12T14:27:04.525+0800 I CONTROL  [initandlisten]     distmod: 2008plus-ssl
2018-11-12T14:27:04.525+0800 I CONTROL  [initandlisten]     distarch: x86_64
2018-11-12T14:27:04.525+0800 I CONTROL  [initandlisten]     target_arch: x86_64
2018-11-12T14:27:04.525+0800 I CONTROL  [initandlisten] options: { config: ".\mongod.conf", net: { bindIp: "127.0.0.1" }, storage: { dbPath: "./db/", directoryPerDB: true }, systemLog: { destination: "file", logAppend: true, path: "./dblog.log" } }
2018-11-12T14:27:04.526+0800 I STORAGE  [initandlisten] Detected data files in ./db created by the 'wiredTiger' storage engine, so setting the active storage engine to 'wiredTiger'.
2018-11-12T14:27:04.527+0800 I STORAGE  [initandlisten] wiredtiger_open config: create,cache_size=3540M,session_max=20000,eviction=(threads_min=4,threads_max=4),config_base=false,statistics=(fast),log=(enabled=true,archive=true,path=journal,compressor=snappy),file_manager=(close_idle_time=100000),statistics_log=(wait=0),verbose=(recovery_progress),
2018-11-12T14:27:04.968+0800 I STORAGE  [initandlisten] WiredTiger message [1542004024:968542][226908:140723606469712], txn-recover: Main recovery loop: starting at 1/21888 to 2/256
2018-11-12T14:27:05.075+0800 I STORAGE  [initandlisten] WiredTiger message [1542004025:75479][226908:140723606469712], txn-recover: Recovering log 1 through 2
2018-11-12T14:27:05.198+0800 I STORAGE  [initandlisten] WiredTiger message [1542004025:197461][226908:140723606469712], txn-recover: Recovering log 2 through 2
2018-11-12T14:27:05.271+0800 I STORAGE  [initandlisten] WiredTiger message [1542004025:271366][226908:140723606469712], txn-recover: Set global recovery timestamp: 0
2018-11-12T14:27:05.980+0800 I RECOVERY [initandlisten] WiredTiger recoveryTimestamp. Ts: Timestamp(0, 0)
2018-11-12T14:27:06.706+0800 I CONTROL  [initandlisten] 
2018-11-12T14:27:06.706+0800 I CONTROL  [initandlisten] ** WARNING: Access control is not enabled for the database.
2018-11-12T14:27:06.706+0800 I CONTROL  [initandlisten] **          Read and write access to data and configuration is unrestricted.
2018-11-12T14:27:06.706+0800 I CONTROL  [initandlisten] 
2018-11-12T14:27:08.005+0800 I FTDC     [initandlisten] Initializing full-time diagnostic data capture with directory './db/diagnostic.data'
2018-11-12T14:27:08.006+0800 I NETWORK  [initandlisten] waiting for connections on port 27017
2018-11-12T14:27:13.711+0800 I NETWORK  [listener] connection accepted from 127.0.0.1:23757 #1 (1 connection now open)
2018-11-12T14:27:13.711+0800 I NETWORK  [conn1] received client metadata from 127.0.0.1:23757 conn1: { driver: { name: "mongo-java-driver", version: "018.2.1-FINAL-906-gfcb5960-dirty" }, os: { type: "Windows", name: "Windows 10", architecture: "amd64", version: "10.0" }, platform: "Java/Oracle Corporation/1.8.0_181-b13" }
2018-11-12T14:27:16.607+0800 I NETWORK  [listener] connection accepted from 127.0.0.1:23763 #2 (2 connections now open)
2018-11-12T14:27:16.607+0800 I NETWORK  [conn2] received client metadata from 127.0.0.1:23763 conn2: { driver: { name: "mongo-java-driver", version: "018.2.1-FINAL-906-gfcb5960-dirty" }, os: { type: "Windows", name: "Windows 10", architecture: "amd64", version: "10.0" }, platform: "Java/Oracle Corporation/1.8.0_181-b13" }
2018-11-12T14:27:16.614+0800 I NETWORK  [listener] connection accepted from 127.0.0.1:23764 #3 (3 connections now open)
2018-11-12T14:27:16.615+0800 I NETWORK  [conn3] received client metadata from 127.0.0.1:23764 conn3: { driver: { name: "mongo-java-driver", version: "018.2.1-FINAL-906-gfcb5960-dirty" }, os: { type: "Windows", name: "Windows 10", architecture: "amd64", version: "10.0" }, platform: "Java/Oracle Corporation/1.8.0_181-b13" }
2018-11-12T14:27:24.500+0800 W COMMAND  [conn3] the autoIndexId option is deprecated and will be removed in a future release
2018-11-12T14:27:24.500+0800 I STORAGE  [conn3] createCollection: admin.Test with generated UUID: 7e496ab5-c411-44d8-82b3-5d11d4c5a514
2018-11-12T14:27:24.939+0800 I COMMAND  [conn3] command admin.Test command: create { create: "Test", autoIndexId: true, capped: false, $db: "admin", lsid: { id: UUID("d2f28537-7f9e-4562-8f8d-03691bbc83b2") }, $readPreference: { mode: "primaryPreferred" } } numYields:0 reslen:125 locks:{ Global: { acquireCount: { r: 1, w: 1 } }, Database: { acquireCount: { W: 1 } } } protocol:op_msg 439ms
2018-11-12T14:28:38.124+0800 I CONTROL  [thread4] Ctrl-C signal
2018-11-12T14:28:38.124+0800 I CONTROL  [consoleTerminate] got CTRL_C_EVENT, will terminate after current cmd ends
2018-11-12T14:28:38.124+0800 I NETWORK  [consoleTerminate] shutdown: going to close listening sockets...
2018-11-12T14:28:38.125+0800 I CONTROL  [consoleTerminate] Shutting down free monitoring
2018-11-12T14:28:38.125+0800 I FTDC     [consoleTerminate] Shutting down full-time diagnostic data capture
2018-11-12T14:28:38.131+0800 I STORAGE  [consoleTerminate] WiredTigerKVEngine shutting down
2018-11-12T14:28:38.942+0800 I STORAGE  [consoleTerminate] shutdown: removing fs lock...
2018-11-12T14:28:38.942+0800 I CONTROL  [consoleTerminate] now exiting
2018-11-12T14:28:38.942+0800 I CONTROL  [consoleTerminate] shutting down with code:12
